<?xml version="1.0" encoding="UTF-8" standalone="no"?>
<!DOCTYPE log SYSTEM "logger.dtd">
<log>
<record>
  <date>2019-09-02T22:52:19.609-0300</date>
  <logger>WALLYNGSON ELIEZER DOS SANTOS GUEDES</logger>
  <level>FINE</level>
  <message>File 117110835-WALLYNGSON ELIEZER DOS SANTOS GUEDES.zip was received. It was sent by WALLYNGSON ELIEZER DOS SANTOS GUEDES from IP 192.168.1.3 at 02-09-2019 22*52*19</message>
</record>
</log>
<?xml version="1.0" encoding="UTF-8" standalone="no"?>
<!DOCTYPE log SYSTEM "logger.dtd">
<log>
<record>
  <date>2019-09-03T00:32:31.052-0300</date>
  <logger>WALLYNGSON ELIEZER DOS SANTOS GUEDES</logger>
  <level>FINE</level>
  <message>File 117110835-WALLYNGSON ELIEZER DOS SANTOS GUEDES.zip was received. It was sent by WALLYNGSON ELIEZER DOS SANTOS GUEDES from IP 192.168.1.3 at 03-09-2019 00*32*31</message>
</record>
</log>
<?xml version="1.0" encoding="UTF-8" standalone="no"?>
<!DOCTYPE log SYSTEM "logger.dtd">
<log>
<record>
  <date>2019-09-03T00:45:34.585-0300</date>
  <logger>WALLYNGSON ELIEZER DOS SANTOS GUEDES</logger>
  <level>FINE</level>
  <message>File 117110835-WALLYNGSON ELIEZER DOS SANTOS GUEDES.zip was received. It was sent by WALLYNGSON ELIEZER DOS SANTOS GUEDES from IP 192.168.1.3 at 03-09-2019 00*45*34</message>
</record>
