<?xml version="1.0" encoding="UTF-8" standalone="no"?>
<!DOCTYPE log SYSTEM "logger.dtd">
<log>
<record>
  <date>2019-09-26T21:47:44.966-0300</date>
  <logger>WALLYNGSON ELIEZER DOS SANTOS GUEDES</logger>
  <level>FINE</level>
  <message>File 117110835-WALLYNGSON ELIEZER DOS SANTOS GUEDES.zip was received. It was sent by WALLYNGSON ELIEZER DOS SANTOS GUEDES from IP 192.168.56.1 at 26-09-2019 21*47*44</message>
</record>
</log>
<?xml version="1.0" encoding="UTF-8" standalone="no"?>
<!DOCTYPE log SYSTEM "logger.dtd">
<log>
<record>
  <date>2019-09-26T22:05:55.780-0300</date>
  <logger>WALLYNGSON ELIEZER DOS SANTOS GUEDES</logger>
  <level>FINE</level>
  <message>File 117110835-WALLYNGSON ELIEZER DOS SANTOS GUEDES.zip was received. It was sent by WALLYNGSON ELIEZER DOS SANTOS GUEDES from IP 192.168.56.1 at 26-09-2019 22*05*55</message>
</record>
</log>
<?xml version="1.0" encoding="UTF-8" standalone="no"?>
<!DOCTYPE log SYSTEM "logger.dtd">
<log>
<record>
  <date>2019-09-26T23:22:02.828-0300</date>
  <logger>WALLYNGSON ELIEZER DOS SANTOS GUEDES</logger>
  <level>FINE</level>
  <message>File 117110835-WALLYNGSON ELIEZER DOS SANTOS GUEDES.zip was received. It was sent by WALLYNGSON ELIEZER DOS SANTOS GUEDES from IP 192.168.56.1 at 26-09-2019 23*22*02</message>
</record>
</log>
<?xml version="1.0" encoding="UTF-8" standalone="no"?>
<!DOCTYPE log SYSTEM "logger.dtd">
<log>
<record>
  <date>2019-09-27T00:05:09.733-0300</date>
  <logger>WALLYNGSON ELIEZER DOS SANTOS GUEDES</logger>
  <level>FINE</level>
  <message>File 117110835-WALLYNGSON ELIEZER DOS SANTOS GUEDES.zip was received. It was sent by WALLYNGSON ELIEZER DOS SANTOS GUEDES from IP 192.168.56.1 at 27-09-2019 00*05*09</message>
</record>
