<?xml version="1.0" encoding="UTF-8" standalone="no"?>
<!DOCTYPE log SYSTEM "logger.dtd">
<log>
<record>
  <date>2019-08-26T16:12:36.797-0300</date>
  <logger>WALLYNGSON ELIEZER DOS SANTOS GUEDES</logger>
  <level>FINE</level>
  <message>File 117110835-WALLYNGSON ELIEZER DOS SANTOS GUEDES.zip was received. It was sent by WALLYNGSON ELIEZER DOS SANTOS GUEDES from IP 150.165.42.114 at 26-08-2019 16*12*36</message>
</record>
</log>
<?xml version="1.0" encoding="UTF-8" standalone="no"?>
<!DOCTYPE log SYSTEM "logger.dtd">
<log>
<record>
  <date>2019-08-26T22:57:00.434-0300</date>
  <logger>WALLYNGSON ELIEZER DOS SANTOS GUEDES</logger>
  <level>FINE</level>
  <message>File 117110835-WALLYNGSON ELIEZER DOS SANTOS GUEDES.zip was received. It was sent by WALLYNGSON ELIEZER DOS SANTOS GUEDES from IP 192.168.1.3 at 26-08-2019 22*57*00</message>
</record>
</log>
<?xml version="1.0" encoding="UTF-8" standalone="no"?>
<!DOCTYPE log SYSTEM "logger.dtd">
<log>
<record>
  <date>2019-08-27T00:49:04.575-0300</date>
  <logger>WALLYNGSON ELIEZER DOS SANTOS GUEDES</logger>
  <level>FINE</level>
  <message>File 117110835-WALLYNGSON ELIEZER DOS SANTOS GUEDES.zip was received. It was sent by WALLYNGSON ELIEZER DOS SANTOS GUEDES from IP 192.168.1.3 at 27-08-2019 00*49*04</message>
</record>
